<?xml version="1.0" encoding="UTF-8"?>
<!-- Generated by org.testng.reporters.JUnitXMLReporter -->
<testsuite hostname="sml-pc-017" name="Default test" tests="24" failures="0" timestamp="20 Mar 2015 08:29:52 GMT" time="1312.731" errors="0">
  <testcase name="createAssetsOTTWithFillForm" time="37.504" classname="com.sl.test.TestVideomovies"/>
  <testcase name="createAssetsOTTWithFillFormAndSave" time="41.846" classname="com.sl.test.TestVideomovies"/>
  <testcase name="createAssetsWithFillForm" time="33.672" classname="com.sl.test.TestVideomovies"/>
  <testcase name="createAssetsWithFillFormAndSave" time="57.457" classname="com.sl.test.TestVideomovies"/>
  <testcase name="createAudioPIDWithFillForm" time="38.623" classname="com.sl.test.TestVideomovies"/>
  <testcase name="createAudioPIDWithFillFormAndSave" time="47.429" classname="com.sl.test.TestVideomovies"/>
  <testcase name="createAudioPIDinAssetsOTTWithFillForm" time="43.383" classname="com.sl.test.TestVideomovies"/>
  <testcase name="createAudioPIDinAssetsOTTWithFillFormAndSave" time="57.13" classname="com.sl.test.TestVideomovies"/>
  <testcase name="createAudioPIDinAssetsWithFillForm" time="43.974" classname="com.sl.test.TestVideomovies"/>
  <testcase name="createAudioPIDinAssetsWithFillFormAndSave" time="56.464" classname="com.sl.test.TestVideomovies"/>
  <testcase name="createAudioPIDinOttPreviewAssetsWithFillFormandSave" time="55.317" classname="com.sl.test.TestVideomovies"/>
  <testcase name="createAudioPIDinPreviewAssetsOTTWithFillForm" time="42.734" classname="com.sl.test.TestVideomovies"/>
  <testcase name="createAudioPIDinPreviewAssetsWithFillForm" time="42.747" classname="com.sl.test.TestVideomovies"/>
  <testcase name="createAudioPIDinPreviewAssetsWithFillFormAndSave" time="55.746" classname="com.sl.test.TestVideomovies"/>
  <testcase name="createContentContractsPurchaseWithFillForm" time="36.591" classname="com.sl.test.TestVideomovies"/>
  <testcase name="createContentContractsPurchaseWithFillFormAndSave" time="49.801" classname="com.sl.test.TestVideomovies"/>
  <testcase name="createContentContractsWithFillForm" time="62.16" classname="com.sl.test.TestVideomovies"/>
  <testcase name="createContentContractsWithFillFormAndSave" time="59.92" classname="com.sl.test.TestVideomovies"/>
  <testcase name="createOttPreviewAssetsWithFillFormandSave" time="53.745" classname="com.sl.test.TestVideomovies"/>
  <testcase name="createPreviewAssetsOTTWithFillForm" time="44.006" classname="com.sl.test.TestVideomovies"/>
  <testcase name="createPreviewAssetsWithFillForm" time="43.804" classname="com.sl.test.TestVideomovies"/>
  <testcase name="createPreviewAssetsWithFillFormAndSave" time="53.143" classname="com.sl.test.TestVideomovies"/>
  <testcase name="fillMoviesForm" time="117.028" classname="com.sl.test.TestVideomovies"/>
  <testcase name="fillMoviesFormAndSave" time="131.617" classname="com.sl.test.TestVideomovies"/>
</testsuite> <!-- Default test -->
