<?xml version="1.0" encoding="UTF-8"?>
<testng-results skipped="0" failed="0" total="1" passed="1">
  <reporter-output>
  </reporter-output>
  <suite name="Default suite" duration-ms="21449" started-at="2015-03-20T13:15:03Z" finished-at="2015-03-20T13:15:25Z">
    <groups>
    </groups>
    <test name="Default test" duration-ms="21449" started-at="2015-03-20T13:15:03Z" finished-at="2015-03-20T13:15:25Z">
      <class name="com.sl.test.TestServicePlans">
        <test-method status="PASS" signature="init()[pri:0, instance:com.sl.test.TestServicePlans@f0f2775]" name="init" is-config="true" duration-ms="3841" started-at="2015-03-20T16:15:03Z" finished-at="2015-03-20T16:15:07Z">
          <reporter-output>
          </reporter-output>
        </test-method> <!-- init -->
        <test-method status="PASS" signature="verifySaveAndClose(com.sl.model.ServicePlansDB)[pri:0, instance:com.sl.test.TestServicePlans@f0f2775]" name="verifySaveAndClose" duration-ms="15819" started-at="2015-03-20T16:15:09Z" data-provider="genericDP" finished-at="2015-03-20T16:15:25Z">
          <params>
            <param index="0">
              <value>
                <![CDATA[name : UI_Test_ServicePlan_560389;
startDate : 20.03.2014 00:00:00;
endDate : 20.03.2019 00:00:00;
status : WP_StatusOfTariffPlans;
serviceProvider : Тестовые учетные записи;
currency : Рубли;
externalId : 427751254;
nonBlockedPacks : 222;
isTest : 1;
]]>
              </value>
            </param>
          </params>
          <reporter-output>
          </reporter-output>
        </test-method> <!-- verifySaveAndClose -->
        <test-method status="PASS" signature="stop()[pri:0, instance:com.sl.test.TestServicePlans@f0f2775]" name="stop" is-config="true" duration-ms="99" started-at="2015-03-20T16:15:25Z" finished-at="2015-03-20T16:15:25Z">
          <reporter-output>
          </reporter-output>
        </test-method> <!-- stop -->
      </class> <!-- com.sl.test.TestServicePlans -->
    </test> <!-- Default test -->
  </suite> <!-- Default suite -->
</testng-results>
